<?xml version="1.0" encoding="UTF-8"?>
<checkstyle version="8.19">
<file name="D:\FinMaven\exomaven\exomaven\src\main\java\fr\uvsq\uvsq21600767\Compte.java">
<error line="1" severity="error" message="Il manque un caractère NewLine à la fin du fichier." source="com.puppycrawl.tools.checkstyle.checks.NewlineAtEndOfFileCheck"/>
<error line="1" severity="error" message="Le fichier package-info.java est manquant." source="com.puppycrawl.tools.checkstyle.checks.javadoc.JavadocPackageCheck"/>
<error line="3" severity="error" message="Commentaire Javadoc manquant." source="com.puppycrawl.tools.checkstyle.checks.javadoc.JavadocTypeCheck"/>
<error line="4" column="1" severity="error" message="Le fichier contient des caractères de tabulation (ce n&apos;est que la première occurence)." source="com.puppycrawl.tools.checkstyle.checks.whitespace.FileTabCharacterCheck"/>
<error line="4" column="9" severity="error" message="Commentaire Javadoc manquant." source="com.puppycrawl.tools.checkstyle.checks.javadoc.JavadocVariableCheck"/>
<error line="4" column="24" severity="error" message="Le nom &apos;Solde&apos; n&apos;est pas conforme à l&apos;expression &apos;^[a-z][a-zA-Z0-9]*$&apos;." source="com.puppycrawl.tools.checkstyle.checks.naming.MemberNameCheck"/>
<error line="5" column="9" severity="error" message="Commentaire Javadoc manquant." source="com.puppycrawl.tools.checkstyle.checks.javadoc.JavadocVariableCheck"/>
<error line="5" column="30" severity="error" message="Le nom &apos;SoldeInit&apos; n&apos;est pas conforme à l&apos;expression &apos;^[a-z][a-zA-Z0-9]*$&apos;." source="com.puppycrawl.tools.checkstyle.checks.naming.MemberNameCheck"/>
<error line="6" severity="error" message="Line has trailing spaces." source="com.puppycrawl.tools.checkstyle.checks.regexp.RegexpSinglelineCheck"/>
<error line="7" column="9" severity="error" message="Commentaire Javadoc manquant." source="com.puppycrawl.tools.checkstyle.checks.javadoc.JavadocMethodCheck"/>
<error line="8" column="21" severity="error" message="Le nom &apos;Val&apos; n&apos;est pas conforme à l&apos;expression &apos;^[a-z][a-zA-Z0-9]*$&apos;." source="com.puppycrawl.tools.checkstyle.checks.naming.LocalVariableNameCheck"/>
<error line="8" column="27" severity="error" message="&apos;300&apos; devrait être défini comme une constante." source="com.puppycrawl.tools.checkstyle.checks.coding.MagicNumberCheck"/>
<error line="9" severity="error" message="L&apos;instruction &apos;if&apos; devrait utiliser des accolades (&apos;{&apos; et &apos;}&apos;)." source="com.puppycrawl.tools.checkstyle.checks.blocks.NeedBracesCheck"/>
<error line="9" column="17" severity="error" message="Il manque une espace après &apos;if&apos;." source="com.puppycrawl.tools.checkstyle.checks.whitespace.WhitespaceAfterCheck"/>
<error line="10" column="35" severity="error" message="Évitez d&apos;affecter une valeur à une variable au sein d&apos;une expression." source="com.puppycrawl.tools.checkstyle.checks.coding.InnerAssignmentCheck"/>
<error line="13" column="9" severity="error" message="Commentaire Javadoc manquant." source="com.puppycrawl.tools.checkstyle.checks.javadoc.JavadocMethodCheck"/>
<error line="13" column="16" severity="error" message="Le paramètre d devrait être final." source="com.puppycrawl.tools.checkstyle.checks.FinalParametersCheck"/>
<error line="14" column="9" severity="error" message="&apos;{&apos; à la colonne 2 devrait être sur la ligne précédente." source="com.puppycrawl.tools.checkstyle.checks.blocks.LeftCurlyCheck"/>
<error line="15" severity="error" message="L&apos;instruction &apos;if&apos; devrait utiliser des accolades (&apos;{&apos; et &apos;}&apos;)." source="com.puppycrawl.tools.checkstyle.checks.blocks.NeedBracesCheck"/>
<error line="15" column="17" severity="error" message="Il manque une espace après &apos;if&apos;." source="com.puppycrawl.tools.checkstyle.checks.whitespace.WhitespaceAfterCheck"/>
<error line="15" column="21" severity="error" message="Il manque une espace après &apos;&lt;&apos;." source="com.puppycrawl.tools.checkstyle.checks.whitespace.WhitespaceAroundCheck"/>
<error line="15" column="21" severity="error" message="Il manque une espace avant &apos;&lt;&apos;." source="com.puppycrawl.tools.checkstyle.checks.whitespace.WhitespaceAroundCheck"/>
<error line="16" column="35" severity="error" message="Évitez d&apos;affecter une valeur à une variable au sein d&apos;une expression." source="com.puppycrawl.tools.checkstyle.checks.coding.InnerAssignmentCheck"/>
<error line="18" severity="error" message="Line has trailing spaces." source="com.puppycrawl.tools.checkstyle.checks.regexp.RegexpSinglelineCheck"/>
<error line="19" column="9" severity="error" message="Classe &apos;Compte&apos; ressemble conçu pour extension (peut être sous-), mais la méthode&apos;ValInit&apos; na pas javadoc qui explique comment le faire en toute sécurité. Si la classe est pas conçue pour envisager de faire la classe &apos;{0}&apos; finale ou de faire la méthode &apos;{1}&apos; annotation static/final/abstract/empty, ou lajout de permis pour la méthode." source="com.puppycrawl.tools.checkstyle.checks.design.DesignForExtensionCheck"/>
<error line="19" column="9" severity="error" message="Commentaire Javadoc manquant." source="com.puppycrawl.tools.checkstyle.checks.javadoc.JavadocMethodCheck"/>
<error line="19" column="23" severity="error" message="Le nom &apos;ValInit&apos; n&apos;est pas conforme à l&apos;expression &apos;^[a-z][a-zA-Z0-9]*$&apos;." source="com.puppycrawl.tools.checkstyle.checks.naming.MethodNameCheck"/>
<error line="23" severity="error" message="Line has trailing spaces." source="com.puppycrawl.tools.checkstyle.checks.regexp.RegexpSinglelineCheck"/>
<error line="24" column="9" severity="error" message="Classe &apos;Compte&apos; ressemble conçu pour extension (peut être sous-), mais la méthode&apos;getSolde&apos; na pas javadoc qui explique comment le faire en toute sécurité. Si la classe est pas conçue pour envisager de faire la classe &apos;{0}&apos; finale ou de faire la méthode &apos;{1}&apos; annotation static/final/abstract/empty, ou lajout de permis pour la méthode." source="com.puppycrawl.tools.checkstyle.checks.design.DesignForExtensionCheck"/>
<error line="24" column="9" severity="error" message="Commentaire Javadoc manquant." source="com.puppycrawl.tools.checkstyle.checks.javadoc.JavadocMethodCheck"/>
<error line="28" severity="error" message="Line has trailing spaces." source="com.puppycrawl.tools.checkstyle.checks.regexp.RegexpSinglelineCheck"/>
<error line="29" severity="error" message="La ligne excède 80 caractères (trouvé 138)." source="com.puppycrawl.tools.checkstyle.checks.sizes.LineLengthCheck"/>
<error line="29" column="9" severity="error" message="Classe &apos;Compte&apos; ressemble conçu pour extension (peut être sous-), mais la méthode&apos;Credit&apos; na pas javadoc qui explique comment le faire en toute sécurité. Si la classe est pas conçue pour envisager de faire la classe &apos;{0}&apos; finale ou de faire la méthode &apos;{1}&apos; annotation static/final/abstract/empty, ou lajout de permis pour la méthode." source="com.puppycrawl.tools.checkstyle.checks.design.DesignForExtensionCheck"/>
<error line="29" column="9" severity="error" message="Commentaire Javadoc manquant." source="com.puppycrawl.tools.checkstyle.checks.javadoc.JavadocMethodCheck"/>
<error line="29" column="23" severity="error" message="Le nom &apos;Credit&apos; n&apos;est pas conforme à l&apos;expression &apos;^[a-z][a-zA-Z0-9]*$&apos;." source="com.puppycrawl.tools.checkstyle.checks.naming.MethodNameCheck"/>
<error line="29" column="30" severity="error" message="Le paramètre ValCredit devrait être final." source="com.puppycrawl.tools.checkstyle.checks.FinalParametersCheck"/>
<error line="29" column="37" severity="error" message="Le nom &apos;ValCredit&apos; n&apos;est pas conforme à l&apos;expression &apos;^[a-z][a-zA-Z0-9]*$&apos;." source="com.puppycrawl.tools.checkstyle.checks.naming.ParameterNameCheck"/>
<error line="31" severity="error" message="L&apos;instruction &apos;if&apos; devrait utiliser des accolades (&apos;{&apos; et &apos;}&apos;)." source="com.puppycrawl.tools.checkstyle.checks.blocks.NeedBracesCheck"/>
<error line="31" column="17" severity="error" message="Il manque une espace après &apos;if&apos;." source="com.puppycrawl.tools.checkstyle.checks.whitespace.WhitespaceAfterCheck"/>
<error line="32" severity="error" message="L&apos;instruction &apos;if&apos; devrait utiliser des accolades (&apos;{&apos; et &apos;}&apos;)." source="com.puppycrawl.tools.checkstyle.checks.blocks.NeedBracesCheck"/>
<error line="32" column="22" severity="error" message="Il manque une espace après &apos;if&apos;." source="com.puppycrawl.tools.checkstyle.checks.whitespace.WhitespaceAfterCheck"/>
<error line="38" severity="error" message="Line has trailing spaces." source="com.puppycrawl.tools.checkstyle.checks.regexp.RegexpSinglelineCheck"/>
<error line="39" severity="error" message="La ligne excède 80 caractères (trouvé 137)." source="com.puppycrawl.tools.checkstyle.checks.sizes.LineLengthCheck"/>
<error line="39" column="9" severity="error" message="Classe &apos;Compte&apos; ressemble conçu pour extension (peut être sous-), mais la méthode&apos;Debit&apos; na pas javadoc qui explique comment le faire en toute sécurité. Si la classe est pas conçue pour envisager de faire la classe &apos;{0}&apos; finale ou de faire la méthode &apos;{1}&apos; annotation static/final/abstract/empty, ou lajout de permis pour la méthode." source="com.puppycrawl.tools.checkstyle.checks.design.DesignForExtensionCheck"/>
<error line="39" column="9" severity="error" message="Commentaire Javadoc manquant." source="com.puppycrawl.tools.checkstyle.checks.javadoc.JavadocMethodCheck"/>
<error line="39" column="23" severity="error" message="Le nom &apos;Debit&apos; n&apos;est pas conforme à l&apos;expression &apos;^[a-z][a-zA-Z0-9]*$&apos;." source="com.puppycrawl.tools.checkstyle.checks.naming.MethodNameCheck"/>
<error line="39" column="29" severity="error" message="Le paramètre ValDebit devrait être final." source="com.puppycrawl.tools.checkstyle.checks.FinalParametersCheck"/>
<error line="39" column="36" severity="error" message="Le nom &apos;ValDebit&apos; n&apos;est pas conforme à l&apos;expression &apos;^[a-z][a-zA-Z0-9]*$&apos;." source="com.puppycrawl.tools.checkstyle.checks.naming.ParameterNameCheck"/>
<error line="41" column="17" severity="error" message="Il manque une espace après &apos;if&apos;." source="com.puppycrawl.tools.checkstyle.checks.whitespace.WhitespaceAfterCheck"/>
<error line="43" column="17" severity="error" message="&apos;}&apos; à la colonne 3 devrait être sur la même ligne que la prochaine partie d&apos;une instruction multi-bloc (celui qui contient directement plusieurs blocs : if/else-if/else, do/while ou try/catch/finally)." source="com.puppycrawl.tools.checkstyle.checks.blocks.RightCurlyCheck"/>
<error line="44" severity="error" message="L&apos;instruction &apos;if&apos; devrait utiliser des accolades (&apos;{&apos; et &apos;}&apos;)." source="com.puppycrawl.tools.checkstyle.checks.blocks.NeedBracesCheck"/>
<error line="44" column="22" severity="error" message="Il manque une espace après &apos;if&apos;." source="com.puppycrawl.tools.checkstyle.checks.whitespace.WhitespaceAfterCheck"/>
<error line="50" severity="error" message="Line has trailing spaces." source="com.puppycrawl.tools.checkstyle.checks.regexp.RegexpSinglelineCheck"/>
<error line="51" severity="error" message="La ligne excède 80 caractères (trouvé 177)." source="com.puppycrawl.tools.checkstyle.checks.sizes.LineLengthCheck"/>
<error line="51" column="9" severity="error" message="Classe &apos;Compte&apos; ressemble conçu pour extension (peut être sous-), mais la méthode&apos;Virement&apos; na pas javadoc qui explique comment le faire en toute sécurité. Si la classe est pas conçue pour envisager de faire la classe &apos;{0}&apos; finale ou de faire la méthode &apos;{1}&apos; annotation static/final/abstract/empty, ou lajout de permis pour la méthode." source="com.puppycrawl.tools.checkstyle.checks.design.DesignForExtensionCheck"/>
<error line="51" column="9" severity="error" message="Commentaire Javadoc manquant." source="com.puppycrawl.tools.checkstyle.checks.javadoc.JavadocMethodCheck"/>
<error line="51" column="21" severity="error" message="Le nom &apos;Virement&apos; n&apos;est pas conforme à l&apos;expression &apos;^[a-z][a-zA-Z0-9]*$&apos;." source="com.puppycrawl.tools.checkstyle.checks.naming.MethodNameCheck"/>
<error line="51" column="30" severity="error" message="Le paramètre ValVirement devrait être final." source="com.puppycrawl.tools.checkstyle.checks.FinalParametersCheck"/>
<error line="51" column="37" severity="error" message="Le nom &apos;ValVirement&apos; n&apos;est pas conforme à l&apos;expression &apos;^[a-z][a-zA-Z0-9]*$&apos;." source="com.puppycrawl.tools.checkstyle.checks.naming.ParameterNameCheck"/>
<error line="51" column="50" severity="error" message="Le paramètre compteDest devrait être final." source="com.puppycrawl.tools.checkstyle.checks.FinalParametersCheck"/>
<error line="52" severity="error" message="La ligne excède 80 caractères (trouvé 91)." source="com.puppycrawl.tools.checkstyle.checks.sizes.LineLengthCheck"/>
<error line="53" severity="error" message="L&apos;instruction &apos;if&apos; devrait utiliser des accolades (&apos;{&apos; et &apos;}&apos;)." source="com.puppycrawl.tools.checkstyle.checks.blocks.NeedBracesCheck"/>
<error line="53" column="17" severity="error" message="Il manque une espace après &apos;if&apos;." source="com.puppycrawl.tools.checkstyle.checks.whitespace.WhitespaceAfterCheck"/>
<error line="54" severity="error" message="L&apos;instruction &apos;if&apos; devrait utiliser des accolades (&apos;{&apos; et &apos;}&apos;)." source="com.puppycrawl.tools.checkstyle.checks.blocks.NeedBracesCheck"/>
<error line="54" column="17" severity="error" message="Il manque une espace après &apos;if&apos;." source="com.puppycrawl.tools.checkstyle.checks.whitespace.WhitespaceAfterCheck"/>
<error line="55" column="17" severity="error" message="Il manque une espace après &apos;else&apos;." source="com.puppycrawl.tools.checkstyle.checks.whitespace.WhitespaceAfterCheck"/>
<error line="55" column="21" severity="error" message="Il manque une espace avant &apos;{&apos;." source="com.puppycrawl.tools.checkstyle.checks.whitespace.WhitespaceAroundCheck"/>
<error line="59" severity="error" message="Line has trailing spaces." source="com.puppycrawl.tools.checkstyle.checks.regexp.RegexpSinglelineCheck"/>
<error line="61" severity="error" message="Line has trailing spaces." source="com.puppycrawl.tools.checkstyle.checks.regexp.RegexpSinglelineCheck"/>
<error line="62" severity="error" message="La ligne excède 80 caractères (trouvé 90)." source="com.puppycrawl.tools.checkstyle.checks.sizes.LineLengthCheck"/>
<error line="62" column="9" severity="error" message="Commentaire Javadoc manquant." source="com.puppycrawl.tools.checkstyle.checks.javadoc.JavadocMethodCheck"/>
<error line="62" column="33" severity="error" message="Le paramètre args devrait être final." source="com.puppycrawl.tools.checkstyle.checks.FinalParametersCheck"/>
<error line="64" column="40" severity="error" message="&apos;1000&apos; devrait être défini comme une constante." source="com.puppycrawl.tools.checkstyle.checks.coding.MagicNumberCheck"/>
<error line="66" column="17" severity="error" message="&apos;{&apos; à la colonne 3 devrait être sur la ligne précédente." source="com.puppycrawl.tools.checkstyle.checks.blocks.LeftCurlyCheck"/>
<error line="68" severity="error" message="La ligne excède 80 caractères (trouvé 91)." source="com.puppycrawl.tools.checkstyle.checks.sizes.LineLengthCheck"/>
<error line="71" severity="error" message="La ligne excède 80 caractères (trouvé 97)." source="com.puppycrawl.tools.checkstyle.checks.sizes.LineLengthCheck"/>
<error line="75" severity="error" message="La ligne excède 80 caractères (trouvé 81)." source="com.puppycrawl.tools.checkstyle.checks.sizes.LineLengthCheck"/>
<error line="76" column="35" severity="error" message="&apos;300&apos; devrait être défini comme une constante." source="com.puppycrawl.tools.checkstyle.checks.coding.MagicNumberCheck"/>
<error line="81" column="34" severity="error" message="&apos;250&apos; devrait être défini comme une constante." source="com.puppycrawl.tools.checkstyle.checks.coding.MagicNumberCheck"/>
<error line="85" severity="error" message="La ligne excède 80 caractères (trouvé 84)." source="com.puppycrawl.tools.checkstyle.checks.sizes.LineLengthCheck"/>
<error line="86" column="37" severity="error" message="&apos;100&apos; devrait être défini comme une constante." source="com.puppycrawl.tools.checkstyle.checks.coding.MagicNumberCheck"/>
<error line="86" column="40" severity="error" message="Il manque une espace après &apos;,&apos;." source="com.puppycrawl.tools.checkstyle.checks.whitespace.WhitespaceAfterCheck"/>
<error line="89" column="17" severity="error" message="&apos;}&apos; à la colonne 3 devrait être sur la même ligne que la prochaine partie d&apos;une instruction multi-bloc (celui qui contient directement plusieurs blocs : if/else-if/else, do/while ou try/catch/finally)." source="com.puppycrawl.tools.checkstyle.checks.blocks.RightCurlyCheck"/>
<error line="91" column="17" severity="error" message="&apos;{&apos; à la colonne 3 devrait être sur la ligne précédente." source="com.puppycrawl.tools.checkstyle.checks.blocks.LeftCurlyCheck"/>
<error line="96" column="17" severity="error" message="&apos;{&apos; à la colonne 3 devrait être sur la ligne précédente." source="com.puppycrawl.tools.checkstyle.checks.blocks.LeftCurlyCheck"/>
<error line="98" column="35" severity="error" message="&apos;-50.0&apos; devrait être défini comme une constante." source="com.puppycrawl.tools.checkstyle.checks.coding.MagicNumberCheck"/>
<error line="99" column="17" severity="error" message="&apos;}&apos; à la colonne 3 devrait être sur la même ligne que la prochaine partie d&apos;une instruction multi-bloc (celui qui contient directement plusieurs blocs : if/else-if/else, do/while ou try/catch/finally)." source="com.puppycrawl.tools.checkstyle.checks.blocks.RightCurlyCheck"/>
<error line="100" column="17" severity="error" message="Il manque une espace après &apos;catch&apos;." source="com.puppycrawl.tools.checkstyle.checks.whitespace.WhitespaceAroundCheck"/>
<error line="101" column="17" severity="error" message="&apos;{&apos; à la colonne 3 devrait être sur la ligne précédente." source="com.puppycrawl.tools.checkstyle.checks.blocks.LeftCurlyCheck"/>
<error line="106" column="17" severity="error" message="&apos;{&apos; à la colonne 3 devrait être sur la ligne précédente." source="com.puppycrawl.tools.checkstyle.checks.blocks.LeftCurlyCheck"/>
<error line="107" severity="error" message="La ligne excède 80 caractères (trouvé 92)." source="com.puppycrawl.tools.checkstyle.checks.sizes.LineLengthCheck"/>
<error line="108" column="34" severity="error" message="&apos;1000000&apos; devrait être défini comme une constante." source="com.puppycrawl.tools.checkstyle.checks.coding.MagicNumberCheck"/>
<error line="109" column="17" severity="error" message="&apos;}&apos; à la colonne 3 devrait être sur la même ligne que la prochaine partie d&apos;une instruction multi-bloc (celui qui contient directement plusieurs blocs : if/else-if/else, do/while ou try/catch/finally)." source="com.puppycrawl.tools.checkstyle.checks.blocks.RightCurlyCheck"/>
<error line="111" column="17" severity="error" message="&apos;{&apos; à la colonne 3 devrait être sur la ligne précédente." source="com.puppycrawl.tools.checkstyle.checks.blocks.LeftCurlyCheck"/>
<error line="116" column="17" severity="error" message="&apos;{&apos; à la colonne 3 devrait être sur la ligne précédente." source="com.puppycrawl.tools.checkstyle.checks.blocks.LeftCurlyCheck"/>
<error line="118" column="37" severity="error" message="&apos;-50&apos; devrait être défini comme une constante." source="com.puppycrawl.tools.checkstyle.checks.coding.MagicNumberCheck"/>
<error line="118" column="40" severity="error" message="Il manque une espace après &apos;,&apos;." source="com.puppycrawl.tools.checkstyle.checks.whitespace.WhitespaceAfterCheck"/>
<error line="119" column="17" severity="error" message="&apos;}&apos; à la colonne 3 devrait être sur la même ligne que la prochaine partie d&apos;une instruction multi-bloc (celui qui contient directement plusieurs blocs : if/else-if/else, do/while ou try/catch/finally)." source="com.puppycrawl.tools.checkstyle.checks.blocks.RightCurlyCheck"/>
<error line="121" column="17" severity="error" message="&apos;{&apos; à la colonne 3 devrait être sur la ligne précédente." source="com.puppycrawl.tools.checkstyle.checks.blocks.LeftCurlyCheck"/>
</file>
<file name="D:\FinMaven\exomaven\exomaven\src\main\java\fr\uvsq\uvsq21600767\CompteException.java">
<error line="3" severity="error" message="Commentaire Javadoc manquant." source="com.puppycrawl.tools.checkstyle.checks.javadoc.JavadocTypeCheck"/>
<error line="4" column="1" severity="error" message="Le fichier contient des caractères de tabulation (ce n&apos;est que la première occurence)." source="com.puppycrawl.tools.checkstyle.checks.whitespace.FileTabCharacterCheck"/>
<error line="4" column="9" severity="error" message="Commentaire Javadoc manquant." source="com.puppycrawl.tools.checkstyle.checks.javadoc.JavadocMethodCheck"/>
</file>
<file name="D:\FinMaven\exomaven\exomaven\src\main\java\fr\uvsq\uvsq21600767\NegativeException.java">
<error line="3" severity="error" message="Commentaire Javadoc manquant." source="com.puppycrawl.tools.checkstyle.checks.javadoc.JavadocTypeCheck"/>
<error line="4" column="1" severity="error" message="Le fichier contient des caractères de tabulation (ce n&apos;est que la première occurence)." source="com.puppycrawl.tools.checkstyle.checks.whitespace.FileTabCharacterCheck"/>
<error line="4" column="9" severity="error" message="Commentaire Javadoc manquant." source="com.puppycrawl.tools.checkstyle.checks.javadoc.JavadocMethodCheck"/>
</file>
</checkstyle>
